USER       PID %CPU %MEM    VSZ   RSS TTY      STAT START   TIME COMMAND
root         1  0.0  0.2 225740  9128 ?        Ss   фев01   0:10 /sbin/init splash
root         2  0.0  0.0      0     0 ?        S    фев01   0:00 [kthreadd]
root         4  0.0  0.0      0     0 ?        I<   фев01   0:00 [kworker/0:0H]
root         6  0.0  0.0      0     0 ?        I<   фев01   0:00 [mm_percpu_wq]
root         7  0.0  0.0      0     0 ?        S    фев01   0:11 [ksoftirqd/0]
root         8  0.0  0.0      0     0 ?        R    фев01   0:03 [rcu_sched]
root         9  0.0  0.0      0     0 ?        I    фев01   0:00 [rcu_bh]
root        10  0.0  0.0      0     0 ?        S    фев01   0:00 [migration/0]
root        11  0.0  0.0      0     0 ?        S    фев01   0:00 [watchdog/0]
root        12  0.0  0.0      0     0 ?        S    фев01   0:00 [cpuhp/0]
root        13  0.0  0.0      0     0 ?        S    фев01   0:00 [cpuhp/1]
root        14  0.0  0.0      0     0 ?        S    фев01   0:00 [watchdog/1]
root        15  0.0  0.0      0     0 ?        S    фев01   0:00 [migration/1]
root        16  0.0  0.0      0     0 ?        S    фев01   0:01 [ksoftirqd/1]
root        18  0.0  0.0      0     0 ?        I<   фев01   0:00 [kworker/1:0H]
root        19  0.0  0.0      0     0 ?        S    фев01   0:00 [kdevtmpfs]
root        20  0.0  0.0      0     0 ?        I<   фев01   0:00 [netns]
root        21  0.0  0.0      0     0 ?        S    фев01   0:00 [rcu_tasks_kthre]
root        22  0.0  0.0      0     0 ?        S    фев01   0:00 [kauditd]
root        25  0.0  0.0      0     0 ?        S    фев01   0:00 [khungtaskd]
root        26  0.0  0.0      0     0 ?        S    фев01   0:00 [oom_reaper]
root        27  0.0  0.0      0     0 ?        I<   фев01   0:00 [writeback]
root        28  0.0  0.0      0     0 ?        S    фев01   0:00 [kcompactd0]
root        29  0.0  0.0      0     0 ?        SN   фев01   0:00 [ksmd]
root        30  0.0  0.0      0     0 ?        SN   фев01   0:00 [khugepaged]
root        31  0.0  0.0      0     0 ?        I<   фев01   0:00 [crypto]
root        32  0.0  0.0      0     0 ?        I<   фев01   0:00 [kintegrityd]
root        33  0.0  0.0      0     0 ?        I<   фев01   0:00 [kblockd]
root        34  0.0  0.0      0     0 ?        I<   фев01   0:00 [ata_sff]
root        35  0.0  0.0      0     0 ?        I<   фев01   0:00 [md]
root        36  0.0  0.0      0     0 ?        I<   фев01   0:00 [edac-poller]
root        37  0.0  0.0      0     0 ?        I<   фев01   0:00 [devfreq_wq]
root        38  0.0  0.0      0     0 ?        I<   фев01   0:00 [watchdogd]
root        40  0.0  0.0      0     0 ?        S    фев01   0:01 [kswapd0]
root        41  0.0  0.0      0     0 ?        S    фев01   0:00 [ecryptfs-kthrea]
root        83  0.0  0.0      0     0 ?        I<   фев01   0:00 [kthrotld]
root        84  0.0  0.0      0     0 ?        I<   фев01   0:00 [acpi_thermal_pm]
root        90  0.0  0.0      0     0 ?        I<   фев01   0:00 [ipv6_addrconf]
root        99  0.0  0.0      0     0 ?        I<   фев01   0:00 [kstrp]
root       116  0.0  0.0      0     0 ?        I<   фев01   0:00 [charger_manager]
root       154  0.0  0.0      0     0 ?        S    фев01   0:00 [scsi_eh_0]
root       155  0.0  0.0      0     0 ?        I<   фев01   0:00 [scsi_tmf_0]
root       156  0.0  0.0      0     0 ?        S    фев01   0:00 [scsi_eh_1]
root       157  0.0  0.0      0     0 ?        I<   фев01   0:00 [scsi_tmf_1]
root       158  0.0  0.0      0     0 ?        S    фев01   0:00 [scsi_eh_2]
root       159  0.0  0.0      0     0 ?        I<   фев01   0:00 [scsi_tmf_2]
root       160  0.0  0.0      0     0 ?        S    фев01   0:00 [scsi_eh_3]
root       161  0.0  0.0      0     0 ?        I<   фев01   0:00 [scsi_tmf_3]
root       162  0.0  0.0      0     0 ?        S    фев01   0:00 [scsi_eh_4]
root       163  0.0  0.0      0     0 ?        I<   фев01   0:00 [scsi_tmf_4]
root       169  0.0  0.0      0     0 ?        I<   фев01   0:00 [kworker/u17:0]
root       170  0.0  0.0      0     0 ?        S    фев01   0:01 [i915/signal:0]
root       171  0.0  0.0      0     0 ?        S    фев01   0:00 [i915/signal:2]
root       174  0.0  0.0      0     0 ?        I<   фев01   0:00 [kworker/1:1H]
root       196  0.0  0.0      0     0 ?        S    фев01   0:01 [jbd2/sda1-8]
root       197  0.0  0.0      0     0 ?        I<   фев01   0:00 [ext4-rsv-conver]
root       224  0.0  0.0      0     0 ?        I<   фев01   0:00 [kworker/0:1H]
root       230  0.0  0.4 103544 18520 ?        S<s  фев01   0:02 /lib/systemd/systemd-journald
root       253  0.0  0.1  47688  6164 ?        Ss   фев01   0:02 /lib/systemd/systemd-udevd
root       339  0.0  0.0      0     0 ?        I<   фев01   0:00 [cfg80211]
systemd+   472  0.0  0.1  70740  6156 ?        Ss   фев01   0:01 /lib/systemd/systemd-resolved
systemd+   473  0.0  0.0 146096  3336 ?        Ssl  фев01   0:00 /lib/systemd/systemd-timesyncd
root       588  0.0  0.0  38428  3224 ?        Ss   фев01   0:00 /usr/sbin/cron -f
syslog     592  0.0  0.1 263036  4844 ?        Ssl  фев01   0:01 /usr/sbin/rsyslogd -n
root       593  0.0  0.1 427256  6740 ?        Ssl  фев01   0:00 /usr/sbin/ModemManager
root       598  0.0  0.0 110472  3440 ?        Ssl  фев01   0:05 /usr/sbin/irqbalance --foreground
root       600  0.0  0.0   4552   816 ?        Ss   фев01   0:03 /usr/sbin/acpid
root       601  0.0  0.1  70904  6388 ?        Ss   фев01   0:01 /lib/systemd/systemd-logind
message+   604  0.0  0.1  51864  6440 ?        Ss   фев01   0:09 /usr/bin/dbus-daemon --system --address=systemd: --nofork --nopidfile --systemd-activation --syslog-only
root       621  0.0  0.1  45112  6784 ?        Ss   фев01   0:00 /sbin/wpa_supplicant -u -s -O /run/wpa_supplicant
root       622  0.0  0.3 517760 12160 ?        Ssl  фев01   0:10 /usr/lib/udisks2/udisksd
root       623  0.0  0.4 177628 17004 ?        Ssl  фев01   0:00 /usr/bin/python3 /usr/bin/networkd-dispatcher --run-startup-triggers
root       624  0.0  0.2 309064  9120 ?        Ssl  фев01   0:01 /usr/lib/accountsservice/accounts-daemon
root       625  0.0  0.4 1048440 18568 ?       Ssl  фев01   0:09 /usr/sbin/NetworkManager --no-daemon
avahi      626  0.0  0.0  47264  3224 ?        Ss   фев01   0:00 avahi-daemon: running [mcsm-Lenovo-G560.local]
root       649  0.0  0.3 322128 12268 ?        Ssl  фев01   0:02 /usr/lib/policykit-1/polkitd --no-debug
avahi      656  0.0  0.0  47076   340 ?        S    фев01   0:00 avahi-daemon: chroot helper
root       695  0.0  0.2 308368  7736 ?        Ssl  фев01   0:00 /usr/sbin/gdm3
root       713  0.0  0.2 261904  8476 ?        Sl   фев01   0:00 gdm-session-worker [pam/gdm-launch-environment]
gdm        739  0.0  0.2  77016  7868 ?        Ss   фев01   0:00 /lib/systemd/systemd --user
gdm        740  0.0  0.0 113948  2508 ?        S    фев01   0:00 (sd-pam)
gdm        751  0.0  0.1 197984  5640 tty1     Ssl+ фев01   0:00 /usr/lib/gdm3/gdm-wayland-session gnome-session --autostart /usr/share/gdm/greeter/autostart
gdm        753  0.0  0.1  50344  4644 ?        Ss   фев01   0:00 /usr/bin/dbus-daemon --session --address=systemd: --nofork --nopidfile --systemd-activation --syslog-only
gdm        755  0.0  0.3 567292 15096 tty1     Sl+  фев01   0:00 /usr/lib/gnome-session/gnome-session-binary --autostart /usr/share/gdm/greeter/autostart
whoopsie   767  0.0  0.3 468836 13152 ?        Ssl  фев01   0:00 /usr/bin/whoopsie -f
kernoops   792  0.0  0.0  56932   420 ?        Ss   фев01   0:02 /usr/sbin/kerneloops --test
kernoops   794  0.0  0.0  56932   416 ?        Ss   фев01   0:02 /usr/sbin/kerneloops
gdm        849  0.0  0.2 288748  8524 ?        SLl  фев01   0:00 /usr/bin/gnome-keyring-daemon --start --foreground --components=secrets
gdm        855  0.0  2.8 3312332 109216 tty1   Sl+  фев01   1:06 /usr/bin/gnome-shell
root       885  0.0  0.2 322780  8504 ?        Ssl  фев01   0:03 /usr/lib/upower/upowerd
gdm        905  0.0  0.9 414700 35412 tty1     Sl+  фев01   0:00 /usr/bin/Xwayland :1024 -rootless -terminate -accessx -core -listen 4 -listen 5 -displayfd 6
gdm       1017  0.0  0.2 365608  8036 ?        Ssl  фев01   0:00 /usr/lib/at-spi2-core/at-spi-bus-launcher
gdm       1022  0.0  0.1  49924  4192 ?        S    фев01   0:00 /usr/bin/dbus-daemon --config-file=/usr/share/defaults/at-spi2/accessibility.conf --nofork --print-address 3
gdm       1024  0.0  0.1 220760  7020 ?        Sl   фев01   0:00 /usr/lib/at-spi2-core/at-spi2-registryd --use-gnome-session
gdm       1049  0.0  0.2 1415832 10384 ?       Ssl  фев01   0:00 /usr/bin/pulseaudio --daemonize=no
rtkit     1050  0.0  0.0 183504  2836 ?        SNsl фев01   0:00 /usr/lib/rtkit/rtkit-daemon
root      1094  0.0  0.0      0     0 ?        S<   фев01   0:00 [loop0]
gdm       1175  0.0  0.2 375620  9800 tty1     Sl   фев01   0:00 ibus-daemon --xim --panel disable
gdm       1196  0.0  0.2 294868  7996 tty1     Sl   фев01   0:00 /usr/lib/ibus/ibus-dconf
gdm       1199  0.0  0.7 405988 29304 tty1     Sl   фев01   0:00 /usr/lib/ibus/ibus-x11 --kill-daemon
gdm       1202  0.0  0.2 292816  8136 ?        Sl   фев01   0:00 /usr/lib/ibus/ibus-portal
gdm       1211  0.0  0.7 554452 30240 tty1     Sl+  фев01   0:00 /usr/lib/gnome-settings-daemon/gsd-xsettings
root      1212  0.0  2.9 531232 112920 ?       Ssl  фев01   0:33 /usr/lib/packagekit/packagekitd
root      1213  0.0  0.2 315536  9376 ?        Ssl  фев01   0:00 /usr/lib/x86_64-linux-gnu/boltd
gdm       1223  0.0  0.2 294928  8512 tty1     Sl+  фев01   0:00 /usr/lib/gnome-settings-daemon/gsd-a11y-settings
gdm       1224  0.0  0.7 405656 28680 tty1     Sl+  фев01   0:00 /usr/lib/gnome-settings-daemon/gsd-clipboard
gdm       1233  0.0  0.8 728012 31432 tty1     Sl+  фев01   0:08 /usr/lib/gnome-settings-daemon/gsd-color
gdm       1243  0.0  0.2 219152  8212 tty1     Sl   фев01   0:00 /usr/lib/ibus/ibus-engine-simple
gdm       1244  0.0  0.3 393956 13668 tty1     Sl+  фев01   0:00 /usr/lib/gnome-settings-daemon/gsd-datetime
gdm       1258  0.0  0.1 283968  5140 tty1     Sl+  фев01   0:00 /usr/lib/gnome-settings-daemon/gsd-housekeeping
gdm       1281  0.0  0.5 507016 22920 tty1     Sl+  фев01   0:00 /usr/lib/gnome-settings-daemon/gsd-keyboard
gdm       1282  0.0  0.6 1088704 25432 tty1    Sl+  фев01   0:00 /usr/lib/gnome-settings-daemon/gsd-media-keys
gdm       1286  0.0  0.1 202224  4512 tty1     Sl+  фев01   0:00 /usr/lib/gnome-settings-daemon/gsd-mouse
gdm       1287  0.0  0.6 881128 25316 tty1     Sl+  фев01   0:00 /usr/lib/gnome-settings-daemon/gsd-power
gdm       1290  0.0  0.2 267232  8820 tty1     Sl+  фев01   0:00 /usr/lib/gnome-settings-daemon/gsd-print-notifications
gdm       1299  0.0  0.1 202244  4468 tty1     Sl+  фев01   0:00 /usr/lib/gnome-settings-daemon/gsd-rfkill
gdm       1302  0.0  0.1 275960  4932 tty1     Sl+  фев01   0:00 /usr/lib/gnome-settings-daemon/gsd-screensaver-proxy
gdm       1307  0.0  0.2 321872 10500 tty1     Sl+  фев01   0:00 /usr/lib/gnome-settings-daemon/gsd-sharing
gdm       1311  0.0  0.1 390996  7576 tty1     Sl+  фев01   0:00 /usr/lib/gnome-settings-daemon/gsd-smartcard
gdm       1312  0.0  0.2 341372  9968 tty1     Sl+  фев01   0:00 /usr/lib/gnome-settings-daemon/gsd-sound
gdm       1316  0.0  0.6 439784 24020 tty1     Sl+  фев01   0:00 /usr/lib/gnome-settings-daemon/gsd-wacom
colord    1327  0.0  0.3 339988 15332 ?        Ssl  фев01   0:00 /usr/lib/colord/colord
root      1365  0.0  0.2 415704  9040 ?        Sl   фев01   0:00 gdm-session-worker [pam/gdm-password]
root      1422  0.0  0.0      0     0 ?        S<   фев01   0:00 [loop1]
mcsm      1466  0.0  0.2  77104  8048 ?        Ss   фев01   0:00 /lib/systemd/systemd --user
mcsm      1467  0.0  0.0 195992  2660 ?        S    фев01   0:00 (sd-pam)
mcsm      1499  0.0  0.2 288792  7672 ?        Sl   фев01   0:00 /usr/bin/gnome-keyring-daemon --daemonize --login
root      1504  0.0  0.0      0     0 ?        S<   фев01   0:00 [loop2]
mcsm      1508  0.0  0.1 212316  5908 tty2     Ssl+ фев01   0:00 /usr/lib/gdm3/gdm-x-session --run-script env GNOME_SHELL_SESSION_MODE=ubuntu gnome-session --session=ubuntu
mcsm      1510  0.1  2.1 415252 83092 tty2     Rl+  фев01   2:08 /usr/lib/xorg/Xorg vt2 -displayfd 3 -auth /run/user/1000/gdm/Xauthority -background none -noreset -keeptty -verbose 3
mcsm      1516  0.0  0.1  51632  6076 ?        Ss   фев01   0:01 /usr/bin/dbus-daemon --session --address=systemd: --nofork --nopidfile --systemd-activation --syslog-only
mcsm      1519  0.0  0.4 578912 16204 tty2     Sl+  фев01   0:00 /usr/lib/gnome-session/gnome-session-binary --session=ubuntu
mcsm      1648  0.0  0.0  11304   320 ?        Ss   фев01   0:00 /usr/bin/ssh-agent /usr/bin/im-launch env GNOME_SHELL_SESSION_MODE=ubuntu gnome-session --session=ubuntu
mcsm      1651  0.0  0.2 906976  7936 ?        Ssl  фев01   0:00 /usr/lib/gvfs/gvfsd
mcsm      1657  0.0  0.2 432036  7796 ?        Sl   фев01   0:00 /usr/lib/gvfs/gvfsd-fuse /run/user/1000/gvfs -f -o big_writes
mcsm      1680  0.0  0.2 367984  8612 ?        Ssl  фев01   0:00 /usr/lib/at-spi2-core/at-spi-bus-launcher
mcsm      1685  0.0  0.1  50052  4116 ?        S    фев01   0:00 /usr/bin/dbus-daemon --config-file=/usr/share/defaults/at-spi2/accessibility.conf --nofork --print-address 3
mcsm      1688  0.0  0.1 220740  6844 ?        Sl   фев01   0:01 /usr/lib/at-spi2-core/at-spi2-registryd --use-gnome-session
root      1695  0.0  0.0      0     0 ?        S<   фев01   0:00 [loop3]
mcsm      1706  0.0  0.1 288276  7364 ?        Sl   фев01   0:00 /usr/bin/gnome-keyring-daemon --start --foreground --components=secrets
mcsm      1726  0.5 10.9 3377148 421388 tty2   Rl+  фев01   5:44 /usr/bin/gnome-shell
mcsm      1740  0.4  0.4 2483360 16444 ?       S<l  фев01   4:53 /usr/bin/pulseaudio --start --log-target=syslog
mcsm      1751  0.0  0.3 381220 13860 tty2     Sl   фев01   0:09 ibus-daemon --xim --panel disable
mcsm      1759  0.0  0.2 297160  8576 tty2     Sl   фев01   0:00 /usr/lib/ibus/ibus-dconf
mcsm      1762  0.0  0.5 357204 23008 tty2     Sl   фев01   0:00 /usr/lib/ibus/ibus-x11 --kill-daemon
mcsm      1768  0.0  0.2 295112  8900 ?        Sl   фев01   0:00 /usr/lib/ibus/ibus-portal
mcsm      1777  0.0  0.4 696560 17792 ?        Sl   фев01   0:00 /usr/lib/gnome-shell/gnome-shell-calendar-server
mcsm      1790  0.0  0.2 320660 10880 ?        Ssl  фев01   0:03 /usr/lib/gvfs/gvfs-udisks2-volume-monitor
mcsm      1796  0.0  0.6 1309424 23472 ?       Ssl  фев01   0:00 /usr/lib/evolution/evolution-source-registry
mcsm      1798  0.0  0.1 379036  7380 ?        Ssl  фев01   0:00 /usr/lib/gvfs/gvfs-afc-volume-monitor
mcsm      1803  0.0  0.1 188008  5336 ?        Sl   фев01   0:00 /usr/lib/dconf/dconf-service
mcsm      1810  0.0  0.1 276064  6024 ?        Ssl  фев01   0:00 /usr/lib/gvfs/gvfs-mtp-volume-monitor
mcsm      1818  0.0  0.8 118214564 31908 ?     Sl   фев01   0:00 /usr/lib/gnome-online-accounts/goa-daemon
mcsm      1822  0.0  0.1 274268  5888 ?        Ssl  фев01   0:00 /usr/lib/gvfs/gvfs-goa-volume-monitor
mcsm      1834  0.0  0.2 319928  9972 ?        Sl   фев01   0:00 /usr/lib/gnome-online-accounts/goa-identity-service
mcsm      1839  0.0  0.1 288996  6600 ?        Ssl  фев01   0:00 /usr/lib/gvfs/gvfs-gphoto2-volume-monitor
mcsm      1850  0.0  0.6 883120 26280 tty2     Sl+  фев01   0:00 /usr/lib/gnome-settings-daemon/gsd-power
mcsm      1851  0.0  0.2 349548 10304 tty2     Sl+  фев01   0:00 /usr/lib/gnome-settings-daemon/gsd-print-notifications
mcsm      1852  0.0  0.1 423572  6016 tty2     Sl+  фев01   0:00 /usr/lib/gnome-settings-daemon/gsd-rfkill
mcsm      1854  0.0  0.1 275960  4676 tty2     Sl+  фев01   0:00 /usr/lib/gnome-settings-daemon/gsd-screensaver-proxy
mcsm      1855  0.0  0.3 471900 12488 tty2     Sl+  фев01   0:01 /usr/lib/gnome-settings-daemon/gsd-sharing
mcsm      1859  0.0  0.2 393160  7972 tty2     Sl+  фев01   0:00 /usr/lib/gnome-settings-daemon/gsd-smartcard
mcsm      1864  0.0  0.6 505544 24060 tty2     Sl+  фев01   0:00 /usr/lib/gnome-settings-daemon/gsd-xsettings
mcsm      1866  0.0  0.2 343536 10076 tty2     Sl+  фев01   0:00 /usr/lib/gnome-settings-daemon/gsd-sound
mcsm      1869  0.0  0.6 441584 23604 tty2     Sl+  фев01   0:00 /usr/lib/gnome-settings-daemon/gsd-wacom
mcsm      1880  0.0  0.2 297092  8572 tty2     Sl+  фев01   0:00 /usr/lib/gnome-settings-daemon/gsd-a11y-settings
mcsm      1882  0.0  0.6 679124 25096 tty2     Sl+  фев01   0:07 /usr/lib/gnome-settings-daemon/gsd-color
mcsm      1886  0.0  0.5 356860 22340 tty2     Sl+  фев01   0:00 /usr/lib/gnome-settings-daemon/gsd-clipboard
mcsm      1888  0.0  0.2 375140  9160 tty2     Sl+  фев01   0:02 /usr/lib/gnome-settings-daemon/gsd-housekeeping
mcsm      1891  0.0  0.4 477012 15648 tty2     Sl+  фев01   0:00 /usr/lib/gnome-settings-daemon/gsd-datetime
mcsm      1893  0.0  0.6 804060 25392 tty2     Sl+  фев01   0:00 /usr/lib/gnome-settings-daemon/gsd-media-keys
mcsm      1897  0.0  0.6 517572 23752 tty2     Sl+  фев01   0:00 /usr/lib/gnome-settings-daemon/gsd-keyboard
mcsm      1912  0.0  0.2 297088  8588 tty2     Sl+  фев01   0:00 /usr/lib/gnome-settings-daemon/gsd-mouse
mcsm      1929  0.0  0.3 508988 12416 tty2     Sl+  фев01   0:00 /usr/lib/gnome-settings-daemon/gsd-printer
mcsm      1948  0.0  4.5 1478620 175668 tty2   SLl+ фев01   0:34 /usr/bin/gnome-software --gapplication-service
mcsm      1951  0.0  1.5 1000056 58096 tty2    Sl+  фев01   0:03 nautilus-desktop
mcsm      1954  0.0  0.1 271928  5836 tty2     Sl+  фев01   0:00 /usr/lib/gnome-disk-utility/gsd-disk-utility-notify
mcsm      1959  0.0  1.5 894172 59092 ?        Ssl  фев01   0:00 /usr/lib/evolution/evolution-calendar-factory
mcsm      1975  0.0  0.2 221312  8764 tty2     Sl   фев01   0:02 /usr/lib/ibus/ibus-engine-simple
mcsm      2010  0.0  0.2 384580 10508 ?        Sl   фев01   0:00 /usr/lib/gvfs/gvfsd-trash --spawner :1.7 /org/gtk/gvfs/exec_spaw/0
mcsm      2072  0.0  1.4 1068820 55056 ?       Sl   фев01   0:00 /usr/lib/evolution/evolution-calendar-factory-subprocess --factory all --bus-name org.gnome.evolution.dataserver.Subprocess.Backend.Calendarx1959x2 --own-path /org/gnome/evolution/dataserver/Subprocess/Backend/Calendar/1959/2
mcsm      2088  0.0  0.4 735440 18436 ?        Ssl  фев01   0:00 /usr/lib/evolution/evolution-addressbook-factory
mcsm      2095  0.0  0.5 876976 20444 ?        Sl   фев01   0:00 /usr/lib/evolution/evolution-addressbook-factory-subprocess --factory all --bus-name org.gnome.evolution.dataserver.Subprocess.Backend.AddressBookx2088x2 --own-path /org/gnome/evolution/dataserver/Subprocess/Backend/AddressBook/2088/2
root      2103  0.0  1.0 586984 41920 ?        Ssl  фев01   0:02 /usr/lib/fwupd/fwupd
mcsm      2104  0.0  0.1 204744  5972 ?        Ssl  фев01   0:00 /usr/lib/gvfs/gvfsd-metadata
root      2198  0.0  0.0 109240   728 ?        Ss   фев01   0:00 gpg-agent --homedir /var/lib/fwupd/gnupg --use-standard-socket --daemon
root      2342  0.0  0.0      0     0 ?        S<   фев01   0:00 [loop4]
mcsm      2363  0.0  1.1 811624 42772 ?        Ssl  фев01   0:15 /usr/lib/gnome-terminal/gnome-terminal-server
mcsm      2413  0.0  0.7 606156 29000 tty2     Sl+  фев01   0:01 update-notifier
root      2696  0.0  0.0      0     0 ?        S<   фев01   0:00 [loop5]
root      2984  0.0  0.0      0     0 ?        S<   фев01   0:00 [loop6]
mcsm      3042  0.0  0.8 101522428 32676 tty2  Sl+  фев01   0:00 /usr/lib/deja-dup/deja-dup-monitor
root      3695  0.0  0.4 168960 18816 ?        Sl   фев01   0:00 /usr/bin/python3 /usr/share/usb-creator/usb-creator-helper
mcsm      3811  0.0  0.2 671624 10556 ?        Sl   фев01   0:00 /usr/lib/gvfs/gvfsd-network --spawner :1.7 /org/gtk/gvfs/exec_spaw/22
mcsm      3948  0.0  0.2 381640  7800 ?        Sl   фев01   0:00 /usr/lib/gvfs/gvfsd-dnssd --spawner :1.7 /org/gtk/gvfs/exec_spaw/45
mcsm      4052  0.0  1.3 268768 51112 tty2     S+   фев01   0:00 /usr/bin/perl -w /usr/bin/debconf-communicate
mcsm      5483  0.0  1.5 118535884 60460 ?     Sl   фев01   0:00 /usr/bin/gnome-todo --gapplication-service
mcsm      5532  0.0  0.1  29640  4672 pts/1    Ss+  фев01   0:00 bash
root      5575  0.0  0.8 283240 32184 ?        Sl   фев01   0:00 python3 /usr/lib/software-properties/software-properties-dbus
mcsm      5711  0.4  8.3 2583524 321980 tty2   Sl+  фев01   4:30 /usr/lib/firefox/firefox -new-window
mcsm      5840  0.0  4.1 1773180 159980 tty2   Sl+  фев01   0:45 /usr/lib/firefox/firefox -contentproc -childID 1 -isForBrowser -prefsLen 1955 -schedulerPrefs 0001,2 -greomni /usr/lib/firefox/omni.ja -appomni /usr/lib/firefox/browser/omni.ja -appdir /usr/lib/firefox/browser 5711 true tab
mcsm      5882  0.1 11.3 2246736 435560 tty2   Sl+  фев01   1:26 /usr/lib/firefox/firefox -contentproc -childID 2 -isForBrowser -prefsLen 3376 -schedulerPrefs 0001,2 -greomni /usr/lib/firefox/omni.ja -appomni /usr/lib/firefox/browser/omni.ja -appdir /usr/lib/firefox/browser 5711 true tab
mcsm      6071  0.0  0.1 421340  5292 tty2     Sl+  фев01   0:05 /usr/lib/speech-dispatcher-modules/sd_dummy /etc/speech-dispatcher/modules/dummy.conf
mcsm      6074  0.0  0.1 421364  5168 tty2     Sl+  фев01   0:06 /usr/lib/speech-dispatcher-modules/sd_generic /etc/speech-dispatcher/modules/generic.conf
mcsm      6077  0.0  0.1 524124  7308 tty2     Sl+  фев01   0:05 /usr/lib/speech-dispatcher-modules/sd_espeak-ng /etc/speech-dispatcher/modules/espeak-ng.conf
mcsm      6083  0.0  0.0 176228  2224 ?        Ssl  фев01   0:00 /usr/bin/speech-dispatcher --spawn --communication-method unix_socket --socket-path /run/user/1000/speech-dispatcher/speechd.sock
mcsm      6418  0.0  2.1 1600244 83032 tty2    Sl+  фев01   0:00 /usr/lib/firefox/firefox -contentproc -childID 6 -isForBrowser -prefsLen 9468 -schedulerPrefs 0001,2 -greomni /usr/lib/firefox/omni.ja -appomni /usr/lib/firefox/browser/omni.ja -appdir /usr/lib/firefox/browser 5711 true tab
root      6468  0.0  0.0      0     0 ?        S    фев01   0:00 [irq/27-mei_me]
mcsm      6849  0.0  0.1  29640  4880 pts/2    Ss+  фев01   0:00 bash
mcsm      6878  0.0  1.5 1005924 59704 ?       Sl   фев01   0:09 /usr/bin/nautilus --gapplication-service
mcsm      6934  0.0  0.1  82724  6884 ?        Ss   фев01   0:00 /usr/lib/bluetooth/obexd
mcsm      7913  0.0  0.2 446324 10996 ?        Ssl  фев01   0:00 /usr/bin/zeitgeist-daemon
mcsm      7919  0.0  0.4 330880 16108 ?        Ssl  фев01   0:00 /usr/lib/zeitgeist/zeitgeist/zeitgeist-fts
mcsm      7942  0.0  0.1  29692  4884 pts/0    Ss   фев01   0:00 bash
root      9405  0.0  0.1  72296  5772 ?        Ss   фев01   0:00 /usr/sbin/sshd -D
gdm       9679  0.0  0.1 187796  5076 ?        Sl   фев01   0:00 /usr/lib/dconf/dconf-service
root      9994  0.0  0.1  25988  6132 ?        S    фев01   0:00 /sbin/dhclient -d -q -sf /usr/lib/NetworkManager/nm-dhcp-helper -pf /run/dhclient-wlp5s0b1.pid -lf /var/lib/NetworkManager/dhclient-23fd7315-6b67-4d06-8f49-7c6ba06d5443-wlp5s0b1.lease -cf /var/lib/NetworkManager/dhclient-wlp5s0b1.conf wlp5s0b1
root     10272  0.0  0.2 108100  8668 ?        Ss   00:05   0:00 /usr/sbin/cupsd -l
root     10273  0.0  0.2 303648 10916 ?        Ssl  00:05   0:00 /usr/sbin/cups-browsed
root     10922  0.0  0.0      0     0 ?        S<   06:22   0:00 [loop7]
root     10976  0.1  1.2 1181120 48800 ?       Ssl  06:22   1:14 /usr/lib/snapd/snapd
root     11233  0.0  0.0      0     0 ?        S<   06:23   0:00 [loop8]
root     11316  0.0  0.0      0     0 ?        S<   06:25   0:00 [loop9]
root     11391  0.0  0.0      0     0 ?        S<   06:25   0:00 [loop10]
root     11574  0.0  0.0      0     0 ?        S<   06:25   0:00 [loop11]
root     11633  0.0  0.0      0     0 ?        S<   06:25   0:00 [loop12]
root     11685  0.0  0.0      0     0 ?        S<   06:25   0:00 [loop13]
root     11721  0.0  0.0      0     0 ?        S<   06:25   0:00 [loop14]
root     11757  0.0  0.0      0     0 ?        S<   06:25   0:00 [loop15]
root     11834  0.0  0.0      0     0 ?        S<   06:25   0:00 [loop16]
root     12006  0.0  0.0      0     0 ?        S<   06:26   0:00 [loop17]
root     12389  0.0  0.0      0     0 ?        S<   06:26   0:00 [loop18]
root     13615  0.0  0.1 107776  7108 ?        Ss   15:25   0:00 sshd: mcsm [priv]
mcsm     13704  0.0  0.1 110076  5780 ?        S    15:25   0:00 sshd: mcsm@pts/3
mcsm     13705  0.0  0.1  29800  5076 pts/3    Ss   15:25   0:00 -bash
root     13775  0.0  0.0      0     0 ?        R    15:47   0:01 [kworker/0:0]
root     13794  0.0  0.1  72780  4464 pts/3    S    15:49   0:00 sudo -s
root     13795  0.0  0.1  29680  4832 pts/3    S+   15:49   0:00 /bin/bash
root     13864  0.0  0.0      0     0 ?        I    16:06   0:00 [kworker/1:1]
root     13868  0.0  0.0      0     0 ?        I    16:12   0:00 [kworker/u16:1]
root     13897  0.0  0.0      0     0 ?        R    16:33   0:00 [kworker/u16:0]
root     13904  0.0  0.0      0     0 ?        I    16:39   0:00 [kworker/1:0]
root     13908  0.0  0.0      0     0 ?        I    16:45   0:00 [kworker/0:2]
root     13912  0.0  0.0      0     0 ?        I    16:49   0:00 [kworker/u16:2]
root     13916  0.0  0.0      0     0 ?        I    16:54   0:00 [kworker/0:1]
root     13918  0.0  0.0      0     0 ?        I    16:54   0:00 [kworker/1:2]
root     13926  0.0  0.0      0     0 ?        I    16:57   0:00 [kworker/u16:3]
mcsm     13927  0.0  0.1  47228  3912 pts/0    R+   16:58   0:00 ps -aux --sort +pid
