USER       PID %CPU %MEM    VSZ   RSS TTY      STAT START   TIME COMMAND
mcsm      7967  0.0  0.1  47192  3924 pts/0    R+   23:08   0:00 ps aux --sort -pid
mcsm      7966  0.0  0.0  19992  3220 pts/0    S+   23:08   0:00 /bin/bash ./scr_bash.sh
root      7954  0.0  0.0      0     0 ?        I    23:07   0:00 [kworker/1:2]
mcsm      7942  0.0  0.1  29692  4948 pts/0    Ss   23:06   0:00 bash
root      7939  0.0  0.0      0     0 ?        I    23:06   0:00 [kworker/1:0]
root      7936  0.0  0.0      0     0 ?        I    23:04   0:00 [kworker/u16:1]
mcsm      7919  0.0  0.4 330880 16172 ?        Ssl  23:04   0:00 /usr/lib/zeitgeist/zeitgeist/zeitgeist-fts
mcsm      7913  0.0  0.2 446324 10992 ?        Ssl  23:04   0:00 /usr/bin/zeitgeist-daemon
root      7907  0.0  0.0      0     0 ?        I    23:03   0:00 [kworker/0:0]
root      7895  0.0  0.0      0     0 ?        I    23:00   0:00 [kworker/1:1]
root      7888  0.0  0.0      0     0 ?        I    22:58   0:00 [kworker/0:1]
root      7833  0.0  0.0      0     0 ?        I    22:53   0:00 [kworker/u16:0]
mcsm      6934  0.0  0.1  82724  6884 ?        Ss   22:46   0:00 /usr/lib/bluetooth/obexd
mcsm      6878  0.3  1.4 929608 56668 ?        Sl   22:39   0:05 /usr/bin/nautilus --gapplication-service
mcsm      6849  0.0  0.1  29640  4944 pts/2    Ss+  22:36   0:00 bash
root      6789  0.1  0.0      0     0 ?        I    22:35   0:03 [kworker/1:3]
mcsm      6621  2.2  3.7 119040908 142588 tty2 Sl+  22:31   0:50 gnome-control-center wifi
root      6541  0.0  0.1  25988  6460 ?        S    22:29   0:00 /sbin/dhclient -d -q -sf /usr/lib/NetworkManager/nm-dhcp-helper -pf /run/dhclient-wlp5s0b1.pid -lf /var/lib/NetworkManager/dhclient-23fd7315-6b67-4d06-8f49-7c6ba06d5443-wlp5s0b1.lease -cf /var/lib/NetworkManager/dhclient-wlp5s0b1.conf wlp5s0b1
root      6468  0.0  0.0      0     0 ?        S    22:29   0:00 [irq/27-mei_me]
mcsm      6418  0.0  2.1 1600244 83692 tty2    Sl+  22:26   0:00 /usr/lib/firefox/firefox -contentproc -childID 6 -isForBrowser -prefsLen 9468 -schedulerPrefs 0001,2 -greomni /usr/lib/firefox/omni.ja -appomni /usr/lib/firefox/browser/omni.ja -appdir /usr/lib/firefox/browser 5711 true tab
root      6245  0.0  0.0      0     0 ?        I    22:24   0:00 [kworker/u16:73]
root      6185  0.0  0.0      0     0 ?        D    22:24   0:00 [kworker/u16:13]
mcsm      6083  0.0  0.0 176228  2224 ?        Ssl  22:22   0:00 /usr/bin/speech-dispatcher --spawn --communication-method unix_socket --socket-path /run/user/1000/speech-dispatcher/speechd.sock
mcsm      6077  0.0  0.1 524124  7392 tty2     Sl+  22:22   0:00 /usr/lib/speech-dispatcher-modules/sd_espeak-ng /etc/speech-dispatcher/modules/espeak-ng.conf
mcsm      6074  0.0  0.1 421364  5168 tty2     Sl+  22:22   0:00 /usr/lib/speech-dispatcher-modules/sd_generic /etc/speech-dispatcher/modules/generic.conf
mcsm      6071  0.0  0.1 421340  5292 tty2     Sl+  22:22   0:00 /usr/lib/speech-dispatcher-modules/sd_dummy /etc/speech-dispatcher/modules/dummy.conf
mcsm      5882  2.6 10.6 2093136 408476 tty2   Sl+  22:20   1:16 /usr/lib/firefox/firefox -contentproc -childID 2 -isForBrowser -prefsLen 3376 -schedulerPrefs 0001,2 -greomni /usr/lib/firefox/omni.ja -appomni /usr/lib/firefox/browser/omni.ja -appdir /usr/lib/firefox/browser 5711 true tab
mcsm      5840  0.1  5.0 1820764 194512 tty2   Sl+  22:20   0:05 /usr/lib/firefox/firefox -contentproc -childID 1 -isForBrowser -prefsLen 1955 -schedulerPrefs 0001,2 -greomni /usr/lib/firefox/omni.ja -appomni /usr/lib/firefox/browser/omni.ja -appdir /usr/lib/firefox/browser 5711 true tab
mcsm      5711  2.0  7.8 2533472 300060 tty2   Sl+  22:20   0:58 /usr/lib/firefox/firefox -new-window
root      5575  0.0  0.8 283240 32468 ?        Sl   22:20   0:00 python3 /usr/lib/software-properties/software-properties-dbus
mcsm      5532  0.0  0.1  29640  4736 pts/1    Ss+  22:17   0:00 bash
mcsm      5483  0.0  1.6 118535880 65160 ?     Sl   22:14   0:00 /usr/bin/gnome-todo --gapplication-service
mcsm      4052  0.0  1.4 268768 54224 tty2     S+   22:10   0:00 /usr/bin/perl -w /usr/bin/debconf-communicate
root      4008  0.1  0.0      0     0 ?        I    22:08   0:05 [kworker/0:4]
mcsm      3948  0.0  0.2 381640  7852 ?        Sl   22:05   0:00 /usr/lib/gvfs/gvfsd-dnssd --spawner :1.7 /org/gtk/gvfs/exec_spaw/45
mcsm      3811  0.0  0.2 671624 10676 ?        Sl   22:05   0:00 /usr/lib/gvfs/gvfsd-network --spawner :1.7 /org/gtk/gvfs/exec_spaw/22
root      3695  0.0  0.4 168960 18824 ?        Sl   22:05   0:00 /usr/bin/python3 /usr/share/usb-creator/usb-creator-helper
mcsm      3042  0.0  0.8 101522424 32784 tty2  Sl+  21:57   0:00 /usr/lib/deja-dup/deja-dup-monitor
root      2984  0.0  0.0      0     0 ?        S<   21:57   0:00 [loop6]
root      2696  0.0  0.0      0     0 ?        S<   21:56   0:00 [loop5]
mcsm      2413  0.0  0.7 606152 29516 tty2     Sl+  21:56   0:00 update-notifier
mcsm      2363  0.2  1.1 808976 42740 ?        Ssl  21:56   0:10 /usr/lib/gnome-terminal/gnome-terminal-server
root      2342  0.0  0.0      0     0 ?        S<   21:55   0:00 [loop4]
root      2198  0.0  0.0 109240   808 ?        Ss   21:55   0:00 gpg-agent --homedir /var/lib/fwupd/gnupg --use-standard-socket --daemon
mcsm      2104  0.0  0.1 204744  6108 ?        Ssl  21:55   0:00 /usr/lib/gvfs/gvfsd-metadata
root      2103  0.0  1.1 586984 43372 ?        Ssl  21:55   0:00 /usr/lib/fwupd/fwupd
mcsm      2095  0.0  0.7 876976 28012 ?        Sl   21:55   0:00 /usr/lib/evolution/evolution-addressbook-factory-subprocess --factory all --bus-name org.gnome.evolution.dataserver.Subprocess.Backend.AddressBookx2088x2 --own-path /org/gnome/evolution/dataserver/Subprocess/Backend/AddressBook/2088/2
mcsm      2088  0.0  0.6 735440 24980 ?        Ssl  21:55   0:00 /usr/lib/evolution/evolution-addressbook-factory
mcsm      2072  0.0  1.6 1068820 63224 ?       Sl   21:55   0:00 /usr/lib/evolution/evolution-calendar-factory-subprocess --factory all --bus-name org.gnome.evolution.dataserver.Subprocess.Backend.Calendarx1959x2 --own-path /org/gnome/evolution/dataserver/Subprocess/Backend/Calendar/1959/2
mcsm      2010  0.0  0.2 384580 10256 ?        Sl   21:55   0:00 /usr/lib/gvfs/gvfsd-trash --spawner :1.7 /org/gtk/gvfs/exec_spaw/0
mcsm      1975  0.0  0.2 221312  8764 tty2     Sl   21:55   0:01 /usr/lib/ibus/ibus-engine-simple
mcsm      1959  0.0  1.7 894172 67020 ?        Ssl  21:55   0:00 /usr/lib/evolution/evolution-calendar-factory
mcsm      1954  0.0  0.1 271928  5992 tty2     Sl+  21:55   0:00 /usr/lib/gnome-disk-utility/gsd-disk-utility-notify
mcsm      1951  0.0  1.5 999956 59932 tty2     Sl+  21:55   0:03 nautilus-desktop
mcsm      1948  0.7  4.6 1478616 178904 tty2   SLl+ 21:55   0:33 /usr/bin/gnome-software --gapplication-service
mcsm      1929  0.0  0.3 508988 12460 tty2     Sl+  21:55   0:00 /usr/lib/gnome-settings-daemon/gsd-printer
mcsm      1912  0.0  0.2 297088  8780 tty2     Sl+  21:55   0:00 /usr/lib/gnome-settings-daemon/gsd-mouse
mcsm      1897  0.0  0.6 517564 23988 tty2     Sl+  21:55   0:00 /usr/lib/gnome-settings-daemon/gsd-keyboard
mcsm      1893  0.0  0.6 804060 25772 tty2     Sl+  21:55   0:00 /usr/lib/gnome-settings-daemon/gsd-media-keys
mcsm      1891  0.0  0.4 477012 15956 tty2     Sl+  21:55   0:00 /usr/lib/gnome-settings-daemon/gsd-datetime
mcsm      1888  0.0  0.2 375140  9308 tty2     Sl+  21:55   0:00 /usr/lib/gnome-settings-daemon/gsd-housekeeping
mcsm      1886  0.0  0.5 356860 22428 tty2     Sl+  21:55   0:00 /usr/lib/gnome-settings-daemon/gsd-clipboard
mcsm      1882  0.0  0.6 679124 25484 tty2     Sl+  21:55   0:00 /usr/lib/gnome-settings-daemon/gsd-color
mcsm      1880  0.0  0.2 297092  8692 tty2     Sl+  21:55   0:00 /usr/lib/gnome-settings-daemon/gsd-a11y-settings
mcsm      1869  0.0  0.6 441584 23732 tty2     Sl+  21:55   0:00 /usr/lib/gnome-settings-daemon/gsd-wacom
mcsm      1866  0.0  0.2 343536 10228 tty2     Sl+  21:55   0:00 /usr/lib/gnome-settings-daemon/gsd-sound
mcsm      1864  0.0  0.6 505544 24260 tty2     Sl+  21:55   0:00 /usr/lib/gnome-settings-daemon/gsd-xsettings
mcsm      1859  0.0  0.2 393160 10352 tty2     Sl+  21:55   0:00 /usr/lib/gnome-settings-daemon/gsd-smartcard
mcsm      1855  0.0  0.3 471896 12628 tty2     Sl+  21:55   0:00 /usr/lib/gnome-settings-daemon/gsd-sharing
mcsm      1854  0.0  0.1 275960  4748 tty2     Sl+  21:55   0:00 /usr/lib/gnome-settings-daemon/gsd-screensaver-proxy
mcsm      1852  0.0  0.1 423572  6108 tty2     Sl+  21:55   0:00 /usr/lib/gnome-settings-daemon/gsd-rfkill
mcsm      1851  0.0  0.2 349548 10388 tty2     Sl+  21:55   0:00 /usr/lib/gnome-settings-daemon/gsd-print-notifications
mcsm      1850  0.0  0.6 883116 26432 tty2     Sl+  21:55   0:00 /usr/lib/gnome-settings-daemon/gsd-power
mcsm      1839  0.0  0.1 288996  6812 ?        Ssl  21:55   0:00 /usr/lib/gvfs/gvfs-gphoto2-volume-monitor
mcsm      1834  0.0  0.2 319928 10424 ?        Sl   21:55   0:00 /usr/lib/gnome-online-accounts/goa-identity-service
mcsm      1822  0.0  0.1 274268  5972 ?        Ssl  21:55   0:00 /usr/lib/gvfs/gvfs-goa-volume-monitor
mcsm      1818  0.0  0.8 118214564 32068 ?     Sl   21:55   0:00 /usr/lib/gnome-online-accounts/goa-daemon
mcsm      1810  0.0  0.1 276064  6128 ?        Ssl  21:55   0:00 /usr/lib/gvfs/gvfs-mtp-volume-monitor
mcsm      1803  0.0  0.1 188008  5308 ?        Sl   21:55   0:00 /usr/lib/dconf/dconf-service
mcsm      1798  0.0  0.1 379036  7636 ?        Ssl  21:55   0:00 /usr/lib/gvfs/gvfs-afc-volume-monitor
mcsm      1796  0.0  0.7 1309424 27520 ?       Ssl  21:55   0:00 /usr/lib/evolution/evolution-source-registry
mcsm      1790  0.0  0.2 320660 11228 ?        Ssl  21:55   0:00 /usr/lib/gvfs/gvfs-udisks2-volume-monitor
mcsm      1777  0.0  0.5 696560 22072 ?        Sl   21:55   0:00 /usr/lib/gnome-shell/gnome-shell-calendar-server
mcsm      1768  0.0  0.2 295112  8948 ?        Sl   21:55   0:00 /usr/lib/ibus/ibus-portal
mcsm      1762  0.0  0.6 357204 23088 tty2     Sl   21:55   0:00 /usr/lib/ibus/ibus-x11 --kill-daemon
mcsm      1759  0.0  0.2 297160  8592 tty2     Sl   21:55   0:00 /usr/lib/ibus/ibus-dconf
mcsm      1751  0.1  0.3 379740 12256 tty2     Sl   21:55   0:05 ibus-daemon --xim --panel disable
mcsm      1740  0.5  0.4 2483360 17224 ?       S<l  21:55   0:22 /usr/bin/pulseaudio --start --log-target=syslog
mcsm      1726  4.5 11.2 3371292 432076 tty2   Rl+  21:55   3:20 /usr/bin/gnome-shell
mcsm      1706  0.0  0.1 288276  7516 ?        Sl   21:55   0:00 /usr/bin/gnome-keyring-daemon --start --foreground --components=secrets
root      1695  0.0  0.0      0     0 ?        S<   21:55   0:00 [loop3]
mcsm      1688  0.0  0.1 220740  6880 ?        Sl   21:55   0:01 /usr/lib/at-spi2-core/at-spi2-registryd --use-gnome-session
mcsm      1685  0.0  0.1  50052  4200 ?        S    21:55   0:00 /usr/bin/dbus-daemon --config-file=/usr/share/defaults/at-spi2/accessibility.conf --nofork --print-address 3
mcsm      1680  0.0  0.2 367984  8720 ?        Ssl  21:55   0:00 /usr/lib/at-spi2-core/at-spi-bus-launcher
mcsm      1657  0.0  0.2 432036  7992 ?        Sl   21:55   0:00 /usr/lib/gvfs/gvfsd-fuse /run/user/1000/gvfs -f -o big_writes
mcsm      1651  0.0  0.2 906976  7996 ?        Ssl  21:55   0:00 /usr/lib/gvfs/gvfsd
mcsm      1648  0.0  0.0  11304   320 ?        Ss   21:55   0:00 /usr/bin/ssh-agent /usr/bin/im-launch env GNOME_SHELL_SESSION_MODE=ubuntu gnome-session --session=ubuntu
mcsm      1519  0.0  0.4 578780 16964 tty2     Sl+  21:55   0:00 /usr/lib/gnome-session/gnome-session-binary --session=ubuntu
mcsm      1516  0.0  0.1  51760  6256 ?        Ss   21:55   0:01 /usr/bin/dbus-daemon --session --address=systemd: --nofork --nopidfile --systemd-activation --syslog-only
mcsm      1510  2.1  2.2 432776 87132 tty2     Sl+  21:54   1:34 /usr/lib/xorg/Xorg vt2 -displayfd 3 -auth /run/user/1000/gdm/Xauthority -background none -noreset -keeptty -verbose 3
mcsm      1508  0.0  0.1 212316  5984 tty2     Ssl+ 21:54   0:00 /usr/lib/gdm3/gdm-x-session --run-script env GNOME_SHELL_SESSION_MODE=ubuntu gnome-session --session=ubuntu
root      1504  0.0  0.0      0     0 ?        S<   21:54   0:00 [loop2]
mcsm      1499  0.0  0.2 288792  8092 ?        Sl   21:54   0:00 /usr/bin/gnome-keyring-daemon --daemonize --login
mcsm      1467  0.0  0.0 195992  2660 ?        S    21:54   0:00 (sd-pam)
mcsm      1466  0.0  0.2  76964  8312 ?        Ss   21:54   0:00 /lib/systemd/systemd --user
root      1422  0.0  0.0      0     0 ?        S<   21:54   0:00 [loop1]
root      1365  0.0  0.2 341972  9116 ?        Sl   21:54   0:00 gdm-session-worker [pam/gdm-password]
colord    1327  0.0  0.4 339988 15836 ?        Ssl  21:54   0:00 /usr/lib/colord/colord
gdm       1316  0.0  0.6 439784 24240 tty1     Sl+  21:54   0:00 /usr/lib/gnome-settings-daemon/gsd-wacom
gdm       1312  0.0  0.2 341372 10116 tty1     Sl+  21:54   0:00 /usr/lib/gnome-settings-daemon/gsd-sound
gdm       1311  0.0  0.2 390996 10048 tty1     Sl+  21:54   0:00 /usr/lib/gnome-settings-daemon/gsd-smartcard
gdm       1307  0.0  0.2 321872 10636 tty1     Sl+  21:54   0:00 /usr/lib/gnome-settings-daemon/gsd-sharing
gdm       1302  0.0  0.1 275960  5004 tty1     Sl+  21:54   0:00 /usr/lib/gnome-settings-daemon/gsd-screensaver-proxy
gdm       1299  0.0  0.1 202244  4544 tty1     Sl+  21:54   0:00 /usr/lib/gnome-settings-daemon/gsd-rfkill
gdm       1290  0.0  0.2 267232  8904 tty1     Sl+  21:54   0:00 /usr/lib/gnome-settings-daemon/gsd-print-notifications
gdm       1287  0.0  0.6 881128 25688 tty1     Sl+  21:54   0:00 /usr/lib/gnome-settings-daemon/gsd-power
gdm       1286  0.0  0.1 202224  4592 tty1     Sl+  21:54   0:00 /usr/lib/gnome-settings-daemon/gsd-mouse
gdm       1282  0.0  0.6 1088704 25820 tty1    Sl+  21:54   0:00 /usr/lib/gnome-settings-daemon/gsd-media-keys
gdm       1281  0.0  0.6 507016 23180 tty1     Sl+  21:54   0:00 /usr/lib/gnome-settings-daemon/gsd-keyboard
gdm       1258  0.0  0.1 283968  5224 tty1     Sl+  21:54   0:00 /usr/lib/gnome-settings-daemon/gsd-housekeeping
gdm       1244  0.0  0.3 393956 14008 tty1     Sl+  21:54   0:00 /usr/lib/gnome-settings-daemon/gsd-datetime
gdm       1243  0.0  0.2 219152  8212 tty1     Sl   21:54   0:00 /usr/lib/ibus/ibus-engine-simple
gdm       1233  0.0  0.8 728008 32004 tty1     Sl+  21:54   0:00 /usr/lib/gnome-settings-daemon/gsd-color
gdm       1224  0.0  0.7 405656 28956 tty1     Sl+  21:54   0:00 /usr/lib/gnome-settings-daemon/gsd-clipboard
gdm       1223  0.0  0.2 294928  8680 tty1     Sl+  21:54   0:00 /usr/lib/gnome-settings-daemon/gsd-a11y-settings
root      1213  0.0  0.2 315536  9484 ?        Ssl  21:54   0:00 /usr/lib/x86_64-linux-gnu/boltd
root      1212  0.6  2.2 531232 87888 ?        Ssl  21:54   0:29 /usr/lib/packagekit/packagekitd
gdm       1211  0.0  0.7 554452 30620 tty1     Sl+  21:54   0:00 /usr/lib/gnome-settings-daemon/gsd-xsettings
gdm       1202  0.0  0.2 292816  8184 ?        Sl   21:54   0:00 /usr/lib/ibus/ibus-portal
gdm       1199  0.0  0.7 405988 29548 tty1     Sl   21:54   0:00 /usr/lib/ibus/ibus-x11 --kill-daemon
gdm       1196  0.0  0.2 294868  8012 tty1     Sl   21:54   0:00 /usr/lib/ibus/ibus-dconf
root      1177  0.3  0.6 1143688 23432 ?       Ssl  21:54   0:14 /usr/lib/snapd/snapd
gdm       1175  0.0  0.2 375620  9848 tty1     Sl   21:54   0:00 ibus-daemon --xim --panel disable
root      1094  0.0  0.0      0     0 ?        S<   21:54   0:00 [loop0]
rtkit     1050  0.0  0.0 183504  2884 ?        SNsl 21:54   0:00 /usr/lib/rtkit/rtkit-daemon
gdm       1049  0.0  0.2 1415832 11460 ?       Ssl  21:54   0:00 /usr/bin/pulseaudio --daemonize=no
gdm       1024  0.0  0.1 220760  7052 ?        Sl   21:54   0:00 /usr/lib/at-spi2-core/at-spi2-registryd --use-gnome-session
gdm       1022  0.0  0.1  49924  4284 ?        S    21:54   0:00 /usr/bin/dbus-daemon --config-file=/usr/share/defaults/at-spi2/accessibility.conf --nofork --print-address 3
gdm       1017  0.0  0.2 365608  8148 ?        Ssl  21:54   0:00 /usr/lib/at-spi2-core/at-spi-bus-launcher
gdm        905  0.0  1.4 414700 55296 tty1     Sl+  21:54   0:00 /usr/bin/Xwayland :1024 -rootless -terminate -accessx -core -listen 4 -listen 5 -displayfd 6
root       885  0.0  0.2 322780  8772 ?        Ssl  21:54   0:00 /usr/lib/upower/upowerd
gdm        855  0.4  3.1 3312216 121948 tty1   Sl+  21:54   0:18 /usr/bin/gnome-shell
gdm        849  0.0  0.2 288748  8856 ?        SLl  21:54   0:00 /usr/bin/gnome-keyring-daemon --start --foreground --components=secrets
kernoops   794  0.0  0.0  56932   416 ?        Ss   21:54   0:00 /usr/sbin/kerneloops
kernoops   792  0.0  0.0  56932   420 ?        Ss   21:54   0:00 /usr/sbin/kerneloops --test
whoopsie   767  0.0  0.3 468736 13556 ?        Ssl  21:54   0:00 /usr/bin/whoopsie -f
gdm        755  0.0  0.4 567292 15372 tty1     Sl+  21:54   0:00 /usr/lib/gnome-session/gnome-session-binary --autostart /usr/share/gdm/greeter/autostart
gdm        753  0.0  0.1  50344  4704 ?        Ss   21:54   0:00 /usr/bin/dbus-daemon --session --address=systemd: --nofork --nopidfile --systemd-activation --syslog-only
gdm        751  0.0  0.1 197984  5712 tty1     Ssl+ 21:54   0:00 /usr/lib/gdm3/gdm-wayland-session gnome-session --autostart /usr/share/gdm/greeter/autostart
gdm        740  0.0  0.0 113948  2508 ?        S    21:54   0:00 (sd-pam)
gdm        739  0.0  0.2  76892  8048 ?        Ss   21:54   0:00 /lib/systemd/systemd --user
root       713  0.0  0.2 261904  8636 ?        Sl   21:54   0:00 gdm-session-worker [pam/gdm-launch-environment]
root       695  0.0  0.2 308368  7916 ?        Ssl  21:54   0:00 /usr/sbin/gdm3
root       657  0.0  0.2 303640 11144 ?        Ssl  21:54   0:00 /usr/sbin/cups-browsed
avahi      656  0.0  0.0  47076   340 ?        S    21:54   0:00 avahi-daemon: chroot helper
root       649  0.0  0.3 322128 12592 ?        Ssl  21:53   0:01 /usr/lib/policykit-1/polkitd --no-debug
avahi      626  0.0  0.0  47264  3312 ?        Ss   21:53   0:00 avahi-daemon: running [mcsm-Lenovo-G560.local]
root       625  0.0  0.5 1048440 20164 ?       Ssl  21:53   0:02 /usr/sbin/NetworkManager --no-daemon
root       624  0.0  0.2 308936  9116 ?        Ssl  21:53   0:00 /usr/lib/accountsservice/accounts-daemon
root       623  0.0  0.4 177628 17012 ?        Ssl  21:53   0:00 /usr/bin/python3 /usr/bin/networkd-dispatcher --run-startup-triggers
root       622  0.0  0.3 517656 13184 ?        Ssl  21:53   0:00 /usr/lib/udisks2/udisksd
root       621  0.0  0.1  45112  7664 ?        Ss   21:53   0:00 /sbin/wpa_supplicant -u -s -O /run/wpa_supplicant
message+   604  0.0  0.1  51864  6512 ?        Ss   21:53   0:04 /usr/bin/dbus-daemon --system --address=systemd: --nofork --nopidfile --systemd-activation --syslog-only
root       601  0.0  0.1  70904  6440 ?        Ss   21:53   0:00 /lib/systemd/systemd-logind
root       600  0.0  0.0   4552   836 ?        Ss   21:53   0:02 /usr/sbin/acpid
root       598  0.0  0.0 110472  3492 ?        Ssl  21:53   0:00 /usr/sbin/irqbalance --foreground
root       593  0.0  0.2 427256  8764 ?        Ssl  21:53   0:00 /usr/sbin/ModemManager
syslog     592  0.0  0.1 263036  5332 ?        Ssl  21:53   0:00 /usr/sbin/rsyslogd -n
root       591  0.0  0.2 108240  8644 ?        Ss   21:53   0:00 /usr/sbin/cupsd -l
root       588  0.0  0.0  38428  3216 ?        Ss   21:53   0:00 /usr/sbin/cron -f
systemd+   473  0.0  0.0 146096  3344 ?        Ssl  21:53   0:00 /lib/systemd/systemd-timesyncd
systemd+   472  0.0  0.1  70740  6256 ?        Ss   21:53   0:00 /lib/systemd/systemd-resolved
root       339  0.0  0.0      0     0 ?        I<   21:53   0:00 [cfg80211]
root       253  0.0  0.1  47688  6164 ?        Ss   21:53   0:01 /lib/systemd/systemd-udevd
root       230  0.0  0.5 103448 20536 ?        S<s  21:53   0:01 /lib/systemd/systemd-journald
root       224  0.0  0.0      0     0 ?        I<   21:53   0:00 [kworker/0:1H]
root       197  0.0  0.0      0     0 ?        I<   21:53   0:00 [ext4-rsv-conver]
root       196  0.0  0.0      0     0 ?        D    21:53   0:00 [jbd2/sda1-8]
root       174  0.0  0.0      0     0 ?        I<   21:53   0:00 [kworker/1:1H]
root       171  0.0  0.0      0     0 ?        S    21:53   0:00 [i915/signal:2]
root       170  0.0  0.0      0     0 ?        S    21:53   0:00 [i915/signal:0]
root       169  0.0  0.0      0     0 ?        I<   21:53   0:00 [kworker/u17:0]
root       163  0.0  0.0      0     0 ?        I<   21:53   0:00 [scsi_tmf_4]
root       162  0.0  0.0      0     0 ?        S    21:53   0:00 [scsi_eh_4]
root       161  0.0  0.0      0     0 ?        I<   21:53   0:00 [scsi_tmf_3]
root       160  0.0  0.0      0     0 ?        S    21:53   0:00 [scsi_eh_3]
root       159  0.0  0.0      0     0 ?        I<   21:53   0:00 [scsi_tmf_2]
root       158  0.0  0.0      0     0 ?        S    21:53   0:00 [scsi_eh_2]
root       157  0.0  0.0      0     0 ?        I<   21:53   0:00 [scsi_tmf_1]
root       156  0.0  0.0      0     0 ?        S    21:53   0:00 [scsi_eh_1]
root       155  0.0  0.0      0     0 ?        I<   21:53   0:00 [scsi_tmf_0]
root       154  0.0  0.0      0     0 ?        S    21:53   0:00 [scsi_eh_0]
root       116  0.0  0.0      0     0 ?        I<   21:53   0:00 [charger_manager]
root        99  0.0  0.0      0     0 ?        I<   21:53   0:00 [kstrp]
root        90  0.0  0.0      0     0 ?        I<   21:53   0:00 [ipv6_addrconf]
root        84  0.0  0.0      0     0 ?        I<   21:53   0:00 [acpi_thermal_pm]
root        83  0.0  0.0      0     0 ?        I<   21:53   0:00 [kthrotld]
root        41  0.0  0.0      0     0 ?        S    21:53   0:00 [ecryptfs-kthrea]
root        40  0.0  0.0      0     0 ?        S    21:53   0:00 [kswapd0]
root        38  0.0  0.0      0     0 ?        I<   21:53   0:00 [watchdogd]
root        37  0.0  0.0      0     0 ?        I<   21:53   0:00 [devfreq_wq]
root        36  0.0  0.0      0     0 ?        I<   21:53   0:00 [edac-poller]
root        35  0.0  0.0      0     0 ?        I<   21:53   0:00 [md]
root        34  0.0  0.0      0     0 ?        I<   21:53   0:00 [ata_sff]
root        33  0.0  0.0      0     0 ?        I<   21:53   0:00 [kblockd]
root        32  0.0  0.0      0     0 ?        I<   21:53   0:00 [kintegrityd]
root        31  0.0  0.0      0     0 ?        I<   21:53   0:00 [crypto]
root        30  0.0  0.0      0     0 ?        SN   21:53   0:00 [khugepaged]
root        29  0.0  0.0      0     0 ?        SN   21:53   0:00 [ksmd]
root        28  0.0  0.0      0     0 ?        S    21:53   0:00 [kcompactd0]
root        27  0.0  0.0      0     0 ?        I<   21:53   0:00 [writeback]
root        26  0.0  0.0      0     0 ?        S    21:53   0:00 [oom_reaper]
root        25  0.0  0.0      0     0 ?        S    21:53   0:00 [khungtaskd]
root        22  0.0  0.0      0     0 ?        S    21:53   0:00 [kauditd]
root        21  0.0  0.0      0     0 ?        S    21:53   0:00 [rcu_tasks_kthre]
root        20  0.0  0.0      0     0 ?        I<   21:53   0:00 [netns]
root        19  0.0  0.0      0     0 ?        S    21:53   0:00 [kdevtmpfs]
root        18  0.0  0.0      0     0 ?        I<   21:53   0:00 [kworker/1:0H]
root        16  0.0  0.0      0     0 ?        S    21:53   0:01 [ksoftirqd/1]
root        15  0.0  0.0      0     0 ?        S    21:53   0:00 [migration/1]
root        14  0.0  0.0      0     0 ?        S    21:53   0:00 [watchdog/1]
root        13  0.0  0.0      0     0 ?        S    21:53   0:00 [cpuhp/1]
root        12  0.0  0.0      0     0 ?        S    21:53   0:00 [cpuhp/0]
root        11  0.0  0.0      0     0 ?        S    21:53   0:00 [watchdog/0]
root        10  0.0  0.0      0     0 ?        S    21:53   0:00 [migration/0]
root         9  0.0  0.0      0     0 ?        I    21:53   0:00 [rcu_bh]
root         8  0.0  0.0      0     0 ?        I    21:53   0:01 [rcu_sched]
root         7  0.0  0.0      0     0 ?        S    21:53   0:00 [ksoftirqd/0]
root         6  0.0  0.0      0     0 ?        I<   21:53   0:00 [mm_percpu_wq]
root         4  0.0  0.0      0     0 ?        I<   21:53   0:00 [kworker/0:0H]
root         2  0.0  0.0      0     0 ?        S    21:53   0:00 [kthreadd]
root         1  0.0  0.2 225604  9236 ?        Ss   21:53   0:03 /sbin/init splash
